<?xml version="1.0" encoding="UTF-8"?>
<testng-results ignored="0" total="1" passed="1" failed="0" skipped="0">
  <reporter-output>
    <line>
      <![CDATA[HII]]>
    </line>
  </reporter-output>
  <suite started-at="2022-08-25T17:53:24 IST" name="Default suite" finished-at="2022-08-25T17:53:24 IST" duration-ms="55">
    <groups>
    </groups>
    <test started-at="2022-08-25T17:53:24 IST" name="Default test" finished-at="2022-08-25T17:53:24 IST" duration-ms="55">
      <class name="TestNG.Emailable">
        <test-method signature="tc()[pri:0, instance:TestNG.Emailable@3bf9ce3e]" started-at="2022-08-25T17:53:24 IST" name="tc" finished-at="2022-08-25T17:53:24 IST" duration-ms="11" status="PASS">
          <reporter-output>
            <line>
              <![CDATA[HII]]>
            </line>
          </reporter-output>
        </test-method> <!-- tc -->
      </class> <!-- TestNG.Emailable -->
    </test> <!-- Default test -->
  </suite> <!-- Default suite -->
</testng-results>
